<?xml version="1.0" encoding="UTF-8"?>
<!-- Generated by org.testng.reporters.JUnitXMLReporter -->
<testsuite ignored="0" hostname="KAMLESH" failures="0" tests="12" name="Test Maven Project" time="0.063" errors="0" timestamp="18 Sep 2021 09:53:17 GMT">
  <testcase classname="MavenTestG.MavenTestI.clsTest" name="div" time="0.007"/>
  <testcase classname="MavenTestG.MavenTestI.clsTest" name="mult" time="0.0"/>
  <testcase classname="MavenTestG.MavenTestI.clsTest" name="sum" time="0.0"/>
  <testcase classname="MavenTestG.MavenTestI.clsTest2" name="div2" time="0.0"/>
  <testcase classname="MavenTestG.MavenTestI.clsTest2" name="mult2" time="0.0"/>
  <testcase classname="MavenTestG.MavenTestI.clsTest2" name="sum2" time="0.0"/>
  <testcase classname="MavenTestG.MavenTestI.clsTest3" name="div3" time="0.0"/>
  <testcase classname="MavenTestG.MavenTestI.clsTest3" name="mult3" time="0.0"/>
  <testcase classname="MavenTestG.MavenTestI.clsTest3" name="sum3" time="0.001"/>
  <testcase classname="MavenTestG.MavenTestI.clsTest4" name="div4" time="0.001"/>
  <testcase classname="MavenTestG.MavenTestI.clsTest4" name="mult4" time="0.002"/>
  <testcase classname="MavenTestG.MavenTestI.clsTest4" name="sum4" time="0.002"/>
</testsuite> <!-- Test Maven Project -->
