<?xml version="1.0" encoding="UTF-8"?>
<testng-results ignored="0" total="12" passed="12" failed="0" skipped="0">
  <reporter-output>
  </reporter-output>
  <suite started-at="2021-09-18T09:53:17Z" name="Test Maven Suite" finished-at="2021-09-18T09:53:17Z" duration-ms="63">
    <groups>
    </groups>
    <test started-at="2021-09-18T09:53:17Z" name="Test Maven Project" finished-at="2021-09-18T09:53:17Z" duration-ms="63">
      <class name="MavenTestG.MavenTestI.clsTest">
        <test-method signature="div()[pri:0, instance:MavenTestG.MavenTestI.clsTest@1ba9117e]" started-at="2021-09-18T09:53:17Z" name="div" finished-at="2021-09-18T09:53:17Z" duration-ms="7" status="PASS">
          <reporter-output>
          </reporter-output>
        </test-method> <!-- div -->
        <test-method signature="mult()[pri:0, instance:MavenTestG.MavenTestI.clsTest@1ba9117e]" started-at="2021-09-18T09:53:17Z" name="mult" finished-at="2021-09-18T09:53:17Z" duration-ms="0" status="PASS">
          <reporter-output>
          </reporter-output>
        </test-method> <!-- mult -->
        <test-method signature="sum()[pri:0, instance:MavenTestG.MavenTestI.clsTest@1ba9117e]" started-at="2021-09-18T09:53:17Z" name="sum" finished-at="2021-09-18T09:53:17Z" duration-ms="0" status="PASS">
          <reporter-output>
          </reporter-output>
        </test-method> <!-- sum -->
      </class> <!-- MavenTestG.MavenTestI.clsTest -->
      <class name="MavenTestG.MavenTestI.clsTest4">
        <test-method signature="div4()[pri:0, instance:MavenTestG.MavenTestI.clsTest4@41fecb8b]" started-at="2021-09-18T09:53:17Z" name="div4" finished-at="2021-09-18T09:53:17Z" duration-ms="1" status="PASS">
          <reporter-output>
          </reporter-output>
        </test-method> <!-- div4 -->
        <test-method signature="mult4()[pri:0, instance:MavenTestG.MavenTestI.clsTest4@41fecb8b]" started-at="2021-09-18T09:53:17Z" name="mult4" finished-at="2021-09-18T09:53:17Z" duration-ms="2" status="PASS">
          <reporter-output>
          </reporter-output>
        </test-method> <!-- mult4 -->
        <test-method signature="sum4()[pri:0, instance:MavenTestG.MavenTestI.clsTest4@41fecb8b]" started-at="2021-09-18T09:53:17Z" name="sum4" finished-at="2021-09-18T09:53:17Z" duration-ms="2" status="PASS">
          <reporter-output>
          </reporter-output>
        </test-method> <!-- sum4 -->
      </class> <!-- MavenTestG.MavenTestI.clsTest4 -->
      <class name="MavenTestG.MavenTestI.clsTest3">
        <test-method signature="div3()[pri:0, instance:MavenTestG.MavenTestI.clsTest3@272ed83b]" started-at="2021-09-18T09:53:17Z" name="div3" finished-at="2021-09-18T09:53:17Z" duration-ms="0" status="PASS">
          <reporter-output>
          </reporter-output>
        </test-method> <!-- div3 -->
        <test-method signature="mult3()[pri:0, instance:MavenTestG.MavenTestI.clsTest3@272ed83b]" started-at="2021-09-18T09:53:17Z" name="mult3" finished-at="2021-09-18T09:53:17Z" duration-ms="0" status="PASS">
          <reporter-output>
          </reporter-output>
        </test-method> <!-- mult3 -->
        <test-method signature="sum3()[pri:0, instance:MavenTestG.MavenTestI.clsTest3@272ed83b]" started-at="2021-09-18T09:53:17Z" name="sum3" finished-at="2021-09-18T09:53:17Z" duration-ms="1" status="PASS">
          <reporter-output>
          </reporter-output>
        </test-method> <!-- sum3 -->
      </class> <!-- MavenTestG.MavenTestI.clsTest3 -->
      <class name="MavenTestG.MavenTestI.clsTest2">
        <test-method signature="div2()[pri:0, instance:MavenTestG.MavenTestI.clsTest2@732c2a62]" started-at="2021-09-18T09:53:17Z" name="div2" finished-at="2021-09-18T09:53:17Z" duration-ms="0" status="PASS">
          <reporter-output>
          </reporter-output>
        </test-method> <!-- div2 -->
        <test-method signature="mult2()[pri:0, instance:MavenTestG.MavenTestI.clsTest2@732c2a62]" started-at="2021-09-18T09:53:17Z" name="mult2" finished-at="2021-09-18T09:53:17Z" duration-ms="0" status="PASS">
          <reporter-output>
          </reporter-output>
        </test-method> <!-- mult2 -->
        <test-method signature="sum2()[pri:0, instance:MavenTestG.MavenTestI.clsTest2@732c2a62]" started-at="2021-09-18T09:53:17Z" name="sum2" finished-at="2021-09-18T09:53:17Z" duration-ms="0" status="PASS">
          <reporter-output>
          </reporter-output>
        </test-method> <!-- sum2 -->
      </class> <!-- MavenTestG.MavenTestI.clsTest2 -->
    </test> <!-- Test Maven Project -->
  </suite> <!-- Test Maven Suite -->
</testng-results>
